<?xml version="1.0" encoding="utf-8"?><testsuites name="pytest tests"><testsuite name="pytest" errors="0" failures="0" skipped="0" tests="4" time="0.330" timestamp="2026-02-23T08:29:09.941887-08:00" hostname="MR07"><testcase classname="tests.test_appointments" name="test_create_appointment_success" time="0.135" /><testcase classname="tests.test_appointments" name="test_list_appointments_returns_items" time="0.025" /><testcase classname="tests.test_appointments" name="test_overlapping_appointment_rejected" time="0.029" /><testcase classname="tests.test_appointments" name="test_invalid_time_range_rejected" time="0.015" /></testsuite></testsuites>