<?xml version="1.0" encoding="utf-8"?><testsuites name="pytest tests"><testsuite name="pytest" errors="0" failures="0" skipped="0" tests="4" time="0.196" timestamp="2026-02-23T19:42:27.982163-08:00" hostname="Kyles-PC"><testcase classname="tests.test_appointments" name="test_create_appointment_success" time="0.051" /><testcase classname="tests.test_appointments" name="test_list_appointments_returns_items" time="0.026" /><testcase classname="tests.test_appointments" name="test_overlapping_appointment_rejected" time="0.031" /><testcase classname="tests.test_appointments" name="test_invalid_time_range_rejected" time="0.029" /></testsuite></testsuites>